Added Component: Designator=+C_filtro_RLD(VP31-3.2)
Added Component: Designator=-C_filtro_RLD(VP31-3.2)
Added Component: Designator=C1_7660(C Elec TH V 4x7-2.5)
Added Component: Designator=C1_ECG(RAD-0.3)
Added Component: Designator=C1_EEG(RAD-0.3)
Added Component: Designator=C2_7660(C Elec TH V 4x7-2.5)
Added Component: Designator=C2_ECG(RAD-0.3)
Added Component: Designator=C2_EEG(RAD-0.3)
Added Component: Designator=C3_ECG(RAD-0.3)
Added Component: Designator=C3_EEG(RAD-0.3)
Added Component: Designator=C4_ECG(RAD-0.3)
Added Component: Designator=C4_EEG(RAD-0.3)
Added Component: Designator=C6(6-0805_M)
Added Component: Designator=C_filtro_ECG_3.3(VP31-3.2)
Added Component: Designator=C_filtro_ECG_-3.3(VP31-3.2)
Added Component: Designator=C_filtro_EEG_3.3(VP31-3.2)
Added Component: Designator=C_filtro_EEG_-3.3(VP31-3.2)
Added Component: Designator=C_filtro(VP31-3.2)
Added Component: Designator=Entradas(HDR1X4)
Added Component: Designator=R1_ECG(AXIAL-0.3)
Added Component: Designator=R1_EEG(AXIAL-0.3)
Added Component: Designator=R2_ECG(AXIAL-0.3)
Added Component: Designator=R2_EEG(AXIAL-0.3)
Added Component: Designator=R3_ECG(AXIAL-0.3)
Added Component: Designator=R3_EEG(AXIAL-0.3)
Added Component: Designator=R4_ECG(AXIAL-0.3)
Added Component: Designator=R4_EEG(AXIAL-0.3)
Added Component: Designator=R5_ECG(AXIAL-0.3)
Added Component: Designator=R5_EEG(AXIAL-0.3)
Added Component: Designator=R6_ECG(AXIAL-0.3)
Added Component: Designator=R6_EEG(AXIAL-0.3)
Added Component: Designator=R7(AXIAL-0.3)
Added Component: Designator=R8(AXIAL-0.3)
Added Component: Designator=R9(AXIAL-0.3)
Added Component: Designator=R10(AXIAL-0.3)
Added Component: Designator=R11(AXIAL-0.3)
Added Component: Designator=R12(AXIAL-0.3)
Added Component: Designator=RLD_JUMPER(HDR1X2)
Added Component: Designator=Salida(HDR1X2)
Added Component: Designator=Selector_VO(HDR1X3)
Added Component: Designator=U1(N8)
Added Component: Designator=U2(N8)
Added Component: Designator=U3(N8)
Added Component: Designator=U4(D008_M)
Added Component: Designator=U5(N08E)
Added Pin To Net: NetName=-3.3V Pin=-C_filtro_RLD-2
Added Pin To Net: NetName=-3.3V Pin=C2_7660-1
Added Pin To Net: NetName=-3.3V Pin=C_filtro_ECG_-3.3-2
Added Pin To Net: NetName=-3.3V Pin=C_filtro_EEG_-3.3-2
Added Pin To Net: NetName=-3.3V Pin=U1-4
Added Pin To Net: NetName=-3.3V Pin=U2-4
Added Pin To Net: NetName=-3.3V Pin=U3-4
Added Pin To Net: NetName=-3.3V Pin=U4-4
Added Pin To Net: NetName=-3.3V Pin=U5-5
Added Net: Name=-3.3V
Added Pin To Net: NetName=3.3V Pin=+C_filtro_RLD-2
Added Pin To Net: NetName=3.3V Pin=C_filtro-2
Added Pin To Net: NetName=3.3V Pin=C_filtro_ECG_3.3-2
Added Pin To Net: NetName=3.3V Pin=C_filtro_EEG_3.3-2
Added Pin To Net: NetName=3.3V Pin=U1-8
Added Pin To Net: NetName=3.3V Pin=U2-8
Added Pin To Net: NetName=3.3V Pin=U3-8
Added Pin To Net: NetName=3.3V Pin=U4-7
Added Pin To Net: NetName=3.3V Pin=U5-8
Added Net: Name=3.3V
Added Pin To Net: NetName=GND Pin=+C_filtro_RLD-1
Added Pin To Net: NetName=GND Pin=-C_filtro_RLD-1
Added Pin To Net: NetName=GND Pin=C2_7660-2
Added Pin To Net: NetName=GND Pin=C2_ECG-1
Added Pin To Net: NetName=GND Pin=C2_EEG-1
Added Pin To Net: NetName=GND Pin=C4_ECG-1
Added Pin To Net: NetName=GND Pin=C4_EEG-1
Added Pin To Net: NetName=GND Pin=C_filtro-1
Added Pin To Net: NetName=GND Pin=C_filtro_ECG_3.3-1
Added Pin To Net: NetName=GND Pin=C_filtro_ECG_-3.3-1
Added Pin To Net: NetName=GND Pin=C_filtro_EEG_3.3-1
Added Pin To Net: NetName=GND Pin=C_filtro_EEG_-3.3-1
Added Pin To Net: NetName=GND Pin=R11-2
Added Pin To Net: NetName=GND Pin=Salida-2
Added Pin To Net: NetName=GND Pin=U1-3
Added Pin To Net: NetName=GND Pin=U1-5
Added Pin To Net: NetName=GND Pin=U2-3
Added Pin To Net: NetName=GND Pin=U2-5
Added Pin To Net: NetName=GND Pin=U3-5
Added Pin To Net: NetName=GND Pin=U4-5
Added Pin To Net: NetName=GND Pin=U5-3
Added Pin To Net: NetName=GND Pin=U5-6
Added Net: Name=GND
Added Pin To Net: NetName=NetC1_7660_1 Pin=C1_7660-1
Added Pin To Net: NetName=NetC1_7660_1 Pin=U5-4
Added Net: Name=NetC1_7660_1
Added Pin To Net: NetName=NetC1_7660_2 Pin=C1_7660-2
Added Pin To Net: NetName=NetC1_7660_2 Pin=U5-2
Added Net: Name=NetC1_7660_2
Added Pin To Net: NetName=NetC1_ECG_1 Pin=C1_ECG-1
Added Pin To Net: NetName=NetC1_ECG_1 Pin=R3_ECG-2
Added Pin To Net: NetName=NetC1_ECG_1 Pin=U1-2
Added Net: Name=NetC1_ECG_1
Added Pin To Net: NetName=NetC1_ECG_2 Pin=C1_ECG-2
Added Pin To Net: NetName=NetC1_ECG_2 Pin=R2_ECG-1
Added Pin To Net: NetName=NetC1_ECG_2 Pin=R4_ECG-1
Added Pin To Net: NetName=NetC1_ECG_2 Pin=U1-1
Added Net: Name=NetC1_ECG_2
Added Pin To Net: NetName=NetC1_EEG_1 Pin=C1_EEG-1
Added Pin To Net: NetName=NetC1_EEG_1 Pin=R3_EEG-2
Added Pin To Net: NetName=NetC1_EEG_1 Pin=U2-2
Added Net: Name=NetC1_EEG_1
Added Pin To Net: NetName=NetC1_EEG_2 Pin=C1_EEG-2
Added Pin To Net: NetName=NetC1_EEG_2 Pin=R2_EEG-1
Added Pin To Net: NetName=NetC1_EEG_2 Pin=R4_EEG-1
Added Pin To Net: NetName=NetC1_EEG_2 Pin=U2-1
Added Net: Name=NetC1_EEG_2
Added Pin To Net: NetName=NetC2_ECG_2 Pin=C2_ECG-2
Added Pin To Net: NetName=NetC2_ECG_2 Pin=R1_ECG-2
Added Pin To Net: NetName=NetC2_ECG_2 Pin=R2_ECG-2
Added Pin To Net: NetName=NetC2_ECG_2 Pin=R3_ECG-1
Added Net: Name=NetC2_ECG_2
Added Pin To Net: NetName=NetC2_EEG_2 Pin=C2_EEG-2
Added Pin To Net: NetName=NetC2_EEG_2 Pin=R1_EEG-2
Added Pin To Net: NetName=NetC2_EEG_2 Pin=R2_EEG-2
Added Pin To Net: NetName=NetC2_EEG_2 Pin=R3_EEG-1
Added Net: Name=NetC2_EEG_2
Added Pin To Net: NetName=NetC3_ECG_1 Pin=C3_ECG-1
Added Pin To Net: NetName=NetC3_ECG_1 Pin=R6_ECG-1
Added Pin To Net: NetName=NetC3_ECG_1 Pin=U1-6
Added Net: Name=NetC3_ECG_1
Added Pin To Net: NetName=NetC3_ECG_2 Pin=C3_ECG-2
Added Pin To Net: NetName=NetC3_ECG_2 Pin=R5_ECG-2
Added Pin To Net: NetName=NetC3_ECG_2 Pin=Selector_VO-1
Added Pin To Net: NetName=NetC3_ECG_2 Pin=U1-7
Added Net: Name=NetC3_ECG_2
Added Pin To Net: NetName=NetC3_EEG_1 Pin=C3_EEG-1
Added Pin To Net: NetName=NetC3_EEG_1 Pin=R6_EEG-1
Added Pin To Net: NetName=NetC3_EEG_1 Pin=U2-6
Added Net: Name=NetC3_EEG_1
Added Pin To Net: NetName=NetC3_EEG_2 Pin=C3_EEG-2
Added Pin To Net: NetName=NetC3_EEG_2 Pin=R5_EEG-2
Added Pin To Net: NetName=NetC3_EEG_2 Pin=Selector_VO-3
Added Pin To Net: NetName=NetC3_EEG_2 Pin=U2-7
Added Net: Name=NetC3_EEG_2
Added Pin To Net: NetName=NetC4_ECG_2 Pin=C4_ECG-2
Added Pin To Net: NetName=NetC4_ECG_2 Pin=R4_ECG-2
Added Pin To Net: NetName=NetC4_ECG_2 Pin=R5_ECG-1
Added Pin To Net: NetName=NetC4_ECG_2 Pin=R6_ECG-2
Added Net: Name=NetC4_ECG_2
Added Pin To Net: NetName=NetC4_EEG_2 Pin=C4_EEG-2
Added Pin To Net: NetName=NetC4_EEG_2 Pin=R4_EEG-2
Added Pin To Net: NetName=NetC4_EEG_2 Pin=R5_EEG-1
Added Pin To Net: NetName=NetC4_EEG_2 Pin=R6_EEG-2
Added Net: Name=NetC4_EEG_2
Added Pin To Net: NetName=NetC6_1 Pin=C6-1
Added Pin To Net: NetName=NetC6_1 Pin=Entradas-3
Added Pin To Net: NetName=NetC6_1 Pin=R12-2
Added Net: Name=NetC6_1
Added Pin To Net: NetName=NetC6_2 Pin=C6-2
Added Pin To Net: NetName=NetC6_2 Pin=R9-1
Added Pin To Net: NetName=NetC6_2 Pin=U3-6
Added Net: Name=NetC6_2
Added Pin To Net: NetName=NetEntradas_1 Pin=Entradas-1
Added Pin To Net: NetName=NetEntradas_1 Pin=U4-3
Added Net: Name=NetEntradas_1
Added Pin To Net: NetName=NetEntradas_2 Pin=Entradas-2
Added Pin To Net: NetName=NetEntradas_2 Pin=U4-2
Added Net: Name=NetEntradas_2
Added Pin To Net: NetName=NetEntradas_4 Pin=Entradas-4
Added Pin To Net: NetName=NetEntradas_4 Pin=R10-2
Added Pin To Net: NetName=NetEntradas_4 Pin=R11-1
Added Net: Name=NetEntradas_4
Added Pin To Net: NetName=NetR1_ECG_1 Pin=R1_ECG-1
Added Pin To Net: NetName=NetR1_ECG_1 Pin=R1_EEG-1
Added Pin To Net: NetName=NetR1_ECG_1 Pin=U4-6
Added Net: Name=NetR1_ECG_1
Added Pin To Net: NetName=NetR7_1 Pin=R7-1
Added Pin To Net: NetName=NetR7_1 Pin=R8-2
Added Pin To Net: NetName=NetR7_1 Pin=RLD_JUMPER-2
Added Net: Name=NetR7_1
Added Pin To Net: NetName=NetR7_2 Pin=R7-2
Added Pin To Net: NetName=NetR7_2 Pin=U4-8
Added Net: Name=NetR7_2
Added Pin To Net: NetName=NetR8_1 Pin=R8-1
Added Pin To Net: NetName=NetR8_1 Pin=U4-1
Added Net: Name=NetR8_1
Added Pin To Net: NetName=NetR9_2 Pin=R9-2
Added Pin To Net: NetName=NetR9_2 Pin=R10-1
Added Pin To Net: NetName=NetR9_2 Pin=U3-1
Added Pin To Net: NetName=NetR9_2 Pin=U3-2
Added Net: Name=NetR9_2
Added Pin To Net: NetName=NetR12_1 Pin=R12-1
Added Pin To Net: NetName=NetR12_1 Pin=U3-7
Added Net: Name=NetR12_1
Added Pin To Net: NetName=NetRLD_JUMPER_1 Pin=RLD_JUMPER-1
Added Pin To Net: NetName=NetRLD_JUMPER_1 Pin=U3-3
Added Net: Name=NetRLD_JUMPER_1
Added Pin To Net: NetName=NetSalida_1 Pin=Salida-1
Added Pin To Net: NetName=NetSalida_1 Pin=Selector_VO-2
Added Net: Name=NetSalida_1
Added Class: Name=Pre-Amp_2017
Added Room: Name=Pre-Amp_2017
